# JRE version: Java(TM) SE Runtime Environment (9.0+11) (build 9.0.4+11)
# Java VM: Java HotSpot(TM) 64-Bit Server VM (9.0.4+11, mixed mode, tiered, compressed oops, g1 gc, windows-amd64)
Heap:
 garbage-first heap   total 356352K, used 107274K [0x0000000700000000, 0x0000000700100ae0, 0x00000007c0000000)
  region size 1024K, 39 young (39936K), 1 survivors (1024K)
 Metaspace       used 81912K, capacity 83518K, committed 91348K, reserved 1128448K
  class space    used 10454K, capacity 10807K, committed 12500K, reserved 1048576K
GC Heap History (10 events):
Event: 19041.748 GC heap before
{Heap before GC invocations=2119 (full 965):
 garbage-first heap   total 356352K, used 128238K [0x0000000700000000, 0x0000000700100ae0, 0x00000007c0000000)
  region size 1024K, 60 young (61440K), 1 survivors (1024K)
 Metaspace       used 81909K, capacity 83518K, committed 91348K, reserved 1128448K
  class space    used 10454K, capacity 10807K, committed 12500K, reserved 1048576K
}
Event: 19041.749 GC heap after
{Heap after GC invocations=2120 (full 965):
 garbage-first heap   total 356352K, used 67854K [0x0000000700000000, 0x0000000700100ae0, 0x00000007c0000000)
  region size 1024K, 1 young (1024K), 1 survivors (1024K)
 Metaspace       used 81909K, capacity 83518K, committed 91348K, reserved 1128448K
  class space    used 10454K, capacity 10807K, committed 12500K, reserved 1048576K
}
Event: 19042.270 GC heap before
{Heap before GC invocations=2120 (full 965):
 garbage-first heap   total 356352K, used 128270K [0x0000000700000000, 0x0000000700100ae0, 0x00000007c0000000)
  region size 1024K, 60 young (61440K), 1 survivors (1024K)
 Metaspace       used 81912K, capacity 83518K, committed 91348K, reserved 1128448K
  class space    used 10454K, capacity 10807K, committed 12500K, reserved 1048576K
}
Event: 19042.272 GC heap after
{Heap after GC invocations=2121 (full 965):
 garbage-first heap   total 356352K, used 67859K [0x0000000700000000, 0x0000000700100ae0, 0x00000007c0000000)
  region size 1024K, 1 young (1024K), 1 survivors (1024K)
 Metaspace       used 81912K, capacity 83518K, committed 91348K, reserved 1128448K
  class space    used 10454K, capacity 10807K, committed 12500K, reserved 1048576K
}
Event: 19043.091 GC heap before
{Heap before GC invocations=2121 (full 965):
 garbage-first heap   total 356352K, used 128275K [0x0000000700000000, 0x0000000700100ae0, 0x00000007c0000000)
  region size 1024K, 60 young (61440K), 1 survivors (1024K)
 Metaspace       used 81912K, capacity 83518K, committed 91348K, reserved 1128448K
  class space    used 10454K, capacity 10807K, committed 12500K, reserved 1048576K
}
Event: 19043.093 GC heap after
{Heap after GC invocations=2122 (full 965):
 garbage-first heap   total 356352K, used 67907K [0x0000000700000000, 0x0000000700100ae0, 0x00000007c0000000)
  region size 1024K, 1 young (1024K), 1 survivors (1024K)
 Metaspace       used 81912K, capacity 83518K, committed 91348K, reserved 1128448K
  class space    used 10454K, capacity 10807K, committed 12500K, reserved 1048576K
}
Event: 19043.216 GC heap before
{Heap before GC invocations=2122 (full 965):
 garbage-first heap   total 356352K, used 110915K [0x0000000700000000, 0x0000000700100ae0, 0x00000007c0000000)
  region size 1024K, 38 young (38912K), 1 survivors (1024K)
 Metaspace       used 81912K, capacity 83518K, committed 91348K, reserved 1128448K
  class space    used 10454K, capacity 10807K, committed 12500K, reserved 1048576K
}
Event: 19043.217 GC heap after
{Heap after GC invocations=2123 (full 965):
 garbage-first heap   total 356352K, used 74213K [0x0000000700000000, 0x0000000700100ae0, 0x00000007c0000000)
  region size 1024K, 1 young (1024K), 1 survivors (1024K)
 Metaspace       used 81912K, capacity 83518K, committed 91348K, reserved 1128448K
  class space    used 10454K, capacity 10807K, committed 12500K, reserved 1048576K
}
Event: 19095.540 GC heap before
{Heap before GC invocations=2123 (full 965):
 garbage-first heap   total 356352K, used 134629K [0x0000000700000000, 0x0000000700100ae0, 0x00000007c0000000)
  region size 1024K, 60 young (61440K), 1 survivors (1024K)
 Metaspace       used 81912K, capacity 83518K, committed 91348K, reserved 1128448K
  class space    used 10454K, capacity 10807K, committed 12500K, reserved 1048576K
}
Event: 19095.542 GC heap after
{Heap after GC invocations=2124 (full 965):
 garbage-first heap   total 356352K, used 69386K [0x0000000700000000, 0x0000000700100ae0, 0x00000007c0000000)
  region size 1024K, 1 young (1024K), 1 survivors (1024K)
 Metaspace       used 81912K, capacity 83518K, committed 91348K, reserved 1128448K
  class space    used 10454K, capacity 10807K, committed 12500K, reserved 1048576K
}

