# JRE version: Java(TM) SE Runtime Environment (9.0+11) (build 9.0.4+11)
# Java VM: Java HotSpot(TM) 64-Bit Server VM (9.0.4+11, mixed mode, tiered, compressed oops, g1 gc, windows-amd64)
Heap:
 garbage-first heap   total 175104K, used 98398K [0x0000000700000000, 0x0000000700100558, 0x00000007c0000000)
  region size 1024K, 36 young (36864K), 1 survivors (1024K)
 Metaspace       used 80391K, capacity 86756K, committed 87088K, reserved 1124352K
  class space    used 10905K, capacity 11994K, committed 12080K, reserved 1048576K
GC Heap History (10 events):
Event: 828.833 GC heap before
{Heap before GC invocations=240 (full 98):
 garbage-first heap   total 175104K, used 123971K [0x0000000700000000, 0x0000000700100558, 0x00000007c0000000)
  region size 1024K, 60 young (61440K), 1 survivors (1024K)
 Metaspace       used 80316K, capacity 86692K, committed 86832K, reserved 1124352K
  class space    used 10905K, capacity 11994K, committed 12080K, reserved 1048576K
}
Event: 828.835 GC heap after
{Heap after GC invocations=241 (full 98):
 garbage-first heap   total 175104K, used 63997K [0x0000000700000000, 0x0000000700100558, 0x00000007c0000000)
  region size 1024K, 2 young (2048K), 2 survivors (2048K)
 Metaspace       used 80316K, capacity 86692K, committed 86832K, reserved 1124352K
  class space    used 10905K, capacity 11994K, committed 12080K, reserved 1048576K
}
Event: 830.790 GC heap before
{Heap before GC invocations=241 (full 98):
 garbage-first heap   total 175104K, used 123389K [0x0000000700000000, 0x0000000700100558, 0x00000007c0000000)
  region size 1024K, 60 young (61440K), 2 survivors (2048K)
 Metaspace       used 80319K, capacity 86692K, committed 86832K, reserved 1124352K
  class space    used 10905K, capacity 11994K, committed 12080K, reserved 1048576K
}
Event: 830.792 GC heap after
{Heap after GC invocations=242 (full 98):
 garbage-first heap   total 175104K, used 63651K [0x0000000700000000, 0x0000000700100558, 0x00000007c0000000)
  region size 1024K, 1 young (1024K), 1 survivors (1024K)
 Metaspace       used 80319K, capacity 86692K, committed 86832K, reserved 1124352K
  class space    used 10905K, capacity 11994K, committed 12080K, reserved 1048576K
}
Event: 836.762 GC heap before
{Heap before GC invocations=242 (full 98):
 garbage-first heap   total 175104K, used 124067K [0x0000000700000000, 0x0000000700100558, 0x00000007c0000000)
  region size 1024K, 60 young (61440K), 1 survivors (1024K)
 Metaspace       used 80346K, capacity 86692K, committed 86832K, reserved 1124352K
  class space    used 10905K, capacity 11994K, committed 12080K, reserved 1048576K
}
Event: 836.764 GC heap after
{Heap after GC invocations=243 (full 98):
 garbage-first heap   total 175104K, used 63673K [0x0000000700000000, 0x0000000700100558, 0x00000007c0000000)
  region size 1024K, 1 young (1024K), 1 survivors (1024K)
 Metaspace       used 80346K, capacity 86692K, committed 86832K, reserved 1124352K
  class space    used 10905K, capacity 11994K, committed 12080K, reserved 1048576K
}
Event: 838.752 GC heap before
{Heap before GC invocations=243 (full 98):
 garbage-first heap   total 175104K, used 124089K [0x0000000700000000, 0x0000000700100558, 0x00000007c0000000)
  region size 1024K, 60 young (61440K), 1 survivors (1024K)
 Metaspace       used 80348K, capacity 86692K, committed 86832K, reserved 1124352K
  class space    used 10905K, capacity 11994K, committed 12080K, reserved 1048576K
}
Event: 838.754 GC heap after
{Heap after GC invocations=244 (full 98):
 garbage-first heap   total 175104K, used 63713K [0x0000000700000000, 0x0000000700100558, 0x00000007c0000000)
  region size 1024K, 1 young (1024K), 1 survivors (1024K)
 Metaspace       used 80348K, capacity 86692K, committed 86832K, reserved 1124352K
  class space    used 10905K, capacity 11994K, committed 12080K, reserved 1048576K
}
Event: 860.030 GC heap before
{Heap before GC invocations=244 (full 98):
 garbage-first heap   total 175104K, used 124129K [0x0000000700000000, 0x0000000700100558, 0x00000007c0000000)
  region size 1024K, 60 young (61440K), 1 survivors (1024K)
 Metaspace       used 80390K, capacity 86756K, committed 87088K, reserved 1124352K
  class space    used 10905K, capacity 11994K, committed 12080K, reserved 1048576K
}
Event: 860.032 GC heap after
{Heap after GC invocations=245 (full 98):
 garbage-first heap   total 175104K, used 63582K [0x0000000700000000, 0x0000000700100558, 0x00000007c0000000)
  region size 1024K, 1 young (1024K), 1 survivors (1024K)
 Metaspace       used 80390K, capacity 86756K, committed 87088K, reserved 1124352K
  class space    used 10905K, capacity 11994K, committed 12080K, reserved 1048576K
}

